22:05:55.123 [main] INFO  Main - Created book: Books{book_id=12, title='The sun is yellow', author_id=1, genre='Romance', publishers_publisher_id=1, bookStock_book_stock_id=1}
22:05:55.137 [main] INFO  Main - Retrieved book: Books{book_id=12, title='The sun is yellow', author_id=1, genre='Romance', publishers_publisher_id=1, bookStock_book_stock_id=1}
22:05:55.145 [main] INFO  Main - Updated book: Books{book_id=12, title='New Title', author_id=2, genre='Science Fiction', publishers_publisher_id=1, bookStock_book_stock_id=1}
22:05:55.149 [main] INFO  Main - All books:
22:05:55.150 [main] INFO  Main - Books{book_id=1, title='Roses', author_id=1, genre='romance', publishers_publisher_id=1, bookStock_book_stock_id=1}
22:05:55.151 [main] INFO  Main - Books{book_id=2, title='Roses', author_id=1, genre='mystery', publishers_publisher_id=3, bookStock_book_stock_id=1}
22:05:55.151 [main] INFO  Main - Books{book_id=3, title='Animal Farm', author_id=2, genre='romance', publishers_publisher_id=2, bookStock_book_stock_id=2}
22:05:55.151 [main] INFO  Main - Books{book_id=4, title='The Hobbit', author_id=3, genre='fiction', publishers_publisher_id=1, bookStock_book_stock_id=2}
22:05:55.151 [main] INFO  Main - Books{book_id=5, title='The Great Gatsby', author_id=4, genre='romance', publishers_publisher_id=2, bookStock_book_stock_id=1}
22:05:55.151 [main] INFO  Main - Books{book_id=6, title='The Catcher in the Rye', author_id=5, genre='mystery', publishers_publisher_id=1, bookStock_book_stock_id=6}
22:05:55.152 [main] INFO  Main - Books{book_id=7, title='The Lord of the Rings', author_id=6, genre='fiction', publishers_publisher_id=8, bookStock_book_stock_id=9}
22:05:55.152 [main] INFO  Main - Books{book_id=8, title='Pride and Prejudice', author_id=7, genre='romance', publishers_publisher_id=6, bookStock_book_stock_id=1}
22:05:55.152 [main] INFO  Main - Books{book_id=9, title='Brave New World', author_id=3, genre='fiction', publishers_publisher_id=1, bookStock_book_stock_id=8}
22:05:55.152 [main] INFO  Main - Books{book_id=10, title='Roses are red', author_id=1, genre='mystery', publishers_publisher_id=7, bookStock_book_stock_id=1}
22:05:55.152 [main] INFO  Main - Books{book_id=12, title='New Title', author_id=2, genre='Science Fiction', publishers_publisher_id=1, bookStock_book_stock_id=1}
22:05:55.156 [main] INFO  Main - Deleted book: Books{book_id=12, title='New Title', author_id=2, genre='Science Fiction', publishers_publisher_id=1, bookStock_book_stock_id=1}

11:48:31.376 [main] INFO  json.JsonSerDeser - Customer serialized and written to JSON file.
11:48:31.393 [main] INFO  json.JsonSerDeser - Order serialized and written to JSON file.
11:48:31.457 [main] INFO  json.JsonSerDeser - Deserialized customer: Customers{customer_id=1, first_name='John', last_name='Doe', address='123 Main St', contact_details='john.doe@example.com'}
11:48:31.470 [main] INFO  json.JsonSerDeser - Deserialized order: Orders{orders_id=0, customer_id=null, order_date=null, order_status='null'}
11:49:03.360 [main] INFO  json.JsonFileCreator - JSON files created and saved successfully.

21:56:33.255 [main] INFO  mybatis.MyBatisRunner - Selecting books by id: Books{book_id=5, title='The Great Gatsby', author_id=4, genre='romance', publishers_publisher_id=2, bookStock_book_stock_id=1}
21:56:33.264 [main] INFO  mybatis.MyBatisRunner - Selecting all books: [Books{book_id=1, title='Roses', author_id=1, genre='romance', publishers_publisher_id=1, bookStock_book_stock_id=1}, Books{book_id=2, title='Roses', author_id=1, genre='mystery', publishers_publisher_id=3, bookStock_book_stock_id=1}, Books{book_id=3, title='Animal Farm', author_id=2, genre='romance', publishers_publisher_id=2, bookStock_book_stock_id=2}, Books{book_id=4, title='The Hobbit', author_id=3, genre='fiction', publishers_publisher_id=1, bookStock_book_stock_id=2}, Books{book_id=5, title='The Great Gatsby', author_id=4, genre='romance', publishers_publisher_id=2, bookStock_book_stock_id=1}, Books{book_id=6, title='The Catcher in the Rye', author_id=5, genre='mystery', publishers_publisher_id=1, bookStock_book_stock_id=6}, Books{book_id=7, title='The Lord of the Rings', author_id=6, genre='fiction', publishers_publisher_id=8, bookStock_book_stock_id=9}, Books{book_id=8, title='Pride and Prejudice', author_id=7, genre='romance', publishers_publisher_id=6, bookStock_book_stock_id=1}, Books{book_id=9, title='Brave New World', author_id=3, genre='fiction', publishers_publisher_id=1, bookStock_book_stock_id=8}, Books{book_id=10, title='Roses are red', author_id=1, genre='mystery', publishers_publisher_id=7, bookStock_book_stock_id=1}]
21:56:33.276 [main] INFO  mybatis.MyBatisRunner - Inserted book: Books{book_id=11, title='White flowers', author_id=3, genre='romance', publishers_publisher_id=6, bookStock_book_stock_id=5}
21:56:33.280 [main] INFO  mybatis.MyBatisRunner - Updated book: Books{book_id=11, title='White flowers', author_id=3, genre='romance', publishers_publisher_id=6, bookStock_book_stock_id=5}
21:56:33.289 [main] INFO  mybatis.MyBatisRunner - Deleted book with ID: 11
21:56:33.300 [main] INFO  mybatis.MyBatisRunner - Selecting customers by id: Customers{customer_id=3, first_name='Leo ', last_name='Og', address='345 Coral st, San Diego, CA 45678', contact_details='cell phone (755)-867-0203'}
21:56:33.307 [main] INFO  mybatis.MyBatisRunner - Selecting all customers: [Customers{customer_id=1, first_name='Jane', last_name='Smith', address='456 Oak St', contact_details='jane.smith@example.com'}, Customers{customer_id=2, first_name='Bob ', last_name='Smith', address='832 Wall st, Orlando, FL 33986', contact_details='cell phone (755)-867-0504'}, Customers{customer_id=3, first_name='Leo ', last_name='Og', address='345 Coral st, San Diego, CA 45678', contact_details='cell phone (755)-867-0203'}, Customers{customer_id=4, first_name='Tom ', last_name='Ford', address='8576 Ready Ct, San Jose, CA 98765', contact_details='cell phone (467)765-1234'}, Customers{customer_id=5, first_name='Ian ', last_name='Orel', address='765 Flower Ln, Chicago, IL 43765', contact_details='home phone (967)765-1214'}, Customers{customer_id=6, first_name='John ', last_name='Smith', address='112 Cedar St, Palo Alto, CA 98965', contact_details='cell phone (650)765-1234'}, Customers{customer_id=7, first_name='Kira ', last_name='Stanley', address='543 Ely Pl ct, Austin, TX 54765', contact_details='cell phone (755)-867-1019'}, Customers{customer_id=8, first_name='Julia ', last_name='Kazmin', address='123 Main Street, Cityville, NC, 88765', contact_details='cell phone (755)-867-0987'}, Customers{customer_id=9, first_name='Raimond ', last_name='Pauls', address='456 Elm Avenue, Townsville, AL, 75643', contact_details='cell phone (234)765-1234'}, Customers{customer_id=10, first_name='Alex ', last_name='Krabs', address='321 Maple Road, Hamletville, CA 98565', contact_details='cell phone (987)765-1234'}, Customers{customer_id=11, first_name='Alisa', last_name='Williams', address='9887 Fork St, Chicago, IL 33788', contact_details='home phone 498-999-4647'}, Customers{customer_id=12, first_name='Mary', last_name='Olban', address='934 Spoon St, San Jose, CA 33788', contact_details='cell phone 567-087-4697'}, Customers{customer_id=13, first_name='Stephan', last_name='Bing', address='43 1st ave, Campbell, CA 54632', contact_details='cell phone 109-987-4622'}]
21:56:33.317 [main] INFO  mybatis.MyBatisRunner - Inserted Customer: Customers{customer_id=14, first_name='John', last_name='Val', address='758 Blue street, Orlando, FL 33987', contact_details='john.val@example.com'}
21:56:33.321 [main] INFO  mybatis.MyBatisRunner - Updated Customer: Customers{customer_id=14, first_name='John', last_name='Val', address='758 Blue street, Orlando, FL 33987', contact_details='john.val@example.com'}
21:56:33.326 [main] INFO  mybatis.MyBatisRunner - Deleted Customer: 14
21:56:33.341 [main] INFO  mybatis.MyBatisRunner - Selecting orders by id: Orders{orders_id=9, customer_id=2, order_date=2023-05-14, order_status='accepted'}
21:56:33.351 [main] INFO  mybatis.MyBatisRunner - Selecting all orders: [Orders{orders_id=1, customer_id=10, order_date=2023-05-20, order_status='shipped'}, Orders{orders_id=2, customer_id=9, order_date=2023-05-09, order_status='declined'}, Orders{orders_id=3, customer_id=8, order_date=2023-05-10, order_status='in process'}, Orders{orders_id=4, customer_id=7, order_date=2023-05-10, order_status='closed'}, Orders{orders_id=5, customer_id=6, order_date=2023-05-11, order_status='in process'}, Orders{orders_id=6, customer_id=5, order_date=2023-05-12, order_status='shipped'}, Orders{orders_id=7, customer_id=4, order_date=2023-05-13, order_status='closed'}, Orders{orders_id=8, customer_id=3, order_date=2023-05-14, order_status='in process'}, Orders{orders_id=9, customer_id=2, order_date=2023-05-14, order_status='accepted'}, Orders{orders_id=10, customer_id=1, order_date=2023-05-15, order_status='shipped'}, Orders{orders_id=11, customer_id=13, order_date=2023-05-17, order_status='shipped'}, Orders{orders_id=12, customer_id=11, order_date=2023-05-17, order_status='canceled'}]
21:56:33.378 [main] INFO  mybatis.MyBatisRunner - Inserted Order: Orders{orders_id=13, customer_id=4, order_date=2023-06-21, order_status='shipped'}
21:56:33.384 [main] INFO  mybatis.MyBatisRunner - Updated Order: Orders{orders_id=13, customer_id=4, order_date=2023-06-21, order_status='shipped'}
21:56:33.398 [main] INFO  mybatis.MyBatisRunner - Deleted Order: 13

20:56:45.578 [main] INFO  Main - Creating Customers object using builder pattern
20:56:45.579 [main] INFO  Main - Customers object created: Customers{customer_id=15, first_name='Linda', last_name='Blue', address='989 Main St, Austin, TX 3374', contact_details='linda.blue@example.com'}
